# JRE version: OpenJDK Runtime Environment (11.0.11+9) (build 11.0.11+9-b60-7590822)
# Java VM: OpenJDK 64-Bit Server VM (11.0.11+9-b60-7590822, mixed mode, tiered, compressed oops, g1 gc, windows-amd64)
Heap:
 garbage-first heap   total 307200K, used 159744K [0x00000006c7800000, 0x0000000800000000)
  region size 1024K, 12 young (12288K), 9 survivors (9216K)
 Metaspace       used 115215K, capacity 118410K, committed 118776K, reserved 1153024K
  class space    used 14638K, capacity 15805K, committed 15872K, reserved 1048576K
GC Heap History (20 events):
Event: 22.566 GC heap before
{Heap before GC invocations=23 (full 0):
 garbage-first heap   total 177152K, used 117886K [0x00000006c7800000, 0x0000000800000000)
  region size 1024K, 41 young (41984K), 9 survivors (9216K)
 Metaspace       used 79169K, capacity 81223K, committed 81528K, reserved 1120256K
  class space    used 10326K, capacity 11053K, committed 11136K, reserved 1048576K
}
Event: 22.590 GC heap after
{Heap after GC invocations=24 (full 0):
 garbage-first heap   total 212992K, used 89145K [0x00000006c7800000, 0x0000000800000000)
  region size 1024K, 8 young (8192K), 8 survivors (8192K)
 Metaspace       used 79169K, capacity 81223K, committed 81528K, reserved 1120256K
  class space    used 10326K, capacity 11053K, committed 11136K, reserved 1048576K
}
Event: 24.337 GC heap before
{Heap before GC invocations=25 (full 0):
 garbage-first heap   total 212992K, used 163897K [0x00000006c7800000, 0x0000000800000000)
  region size 1024K, 74 young (75776K), 8 survivors (8192K)
 Metaspace       used 82732K, capacity 85030K, committed 85112K, reserved 1122304K
  class space    used 10785K, capacity 11582K, committed 11648K, reserved 1048576K
}
Event: 24.358 GC heap after
{Heap after GC invocations=26 (full 0):
 garbage-first heap   total 212992K, used 103608K [0x00000006c7800000, 0x0000000800000000)
  region size 1024K, 10 young (10240K), 10 survivors (10240K)
 Metaspace       used 82732K, capacity 85030K, committed 85112K, reserved 1122304K
  class space    used 10785K, capacity 11582K, committed 11648K, reserved 1048576K
}
Event: 26.325 GC heap before
{Heap before GC invocations=26 (full 0):
 garbage-first heap   total 212992K, used 167096K [0x00000006c7800000, 0x0000000800000000)
  region size 1024K, 71 young (72704K), 10 survivors (10240K)
 Metaspace       used 91359K, capacity 93731K, committed 93944K, reserved 1130496K
  class space    used 11834K, capacity 12677K, committed 12800K, reserved 1048576K
}
Event: 26.343 GC heap after
{Heap after GC invocations=27 (full 0):
 garbage-first heap   total 212992K, used 106024K [0x00000006c7800000, 0x0000000800000000)
  region size 1024K, 3 young (3072K), 3 survivors (3072K)
 Metaspace       used 91359K, capacity 93731K, committed 93944K, reserved 1130496K
  class space    used 11834K, capacity 12677K, committed 12800K, reserved 1048576K
}
Event: 28.279 GC heap before
{Heap before GC invocations=27 (full 0):
 garbage-first heap   total 212992K, used 168488K [0x00000006c7800000, 0x0000000800000000)
  region size 1024K, 65 young (66560K), 3 survivors (3072K)
 Metaspace       used 98761K, capacity 101172K, committed 101496K, reserved 1136640K
  class space    used 12772K, capacity 13625K, committed 13696K, reserved 1048576K
}
Event: 28.304 GC heap after
{Heap after GC invocations=28 (full 0):
 garbage-first heap   total 212992K, used 110349K [0x00000006c7800000, 0x0000000800000000)
  region size 1024K, 7 young (7168K), 7 survivors (7168K)
 Metaspace       used 98761K, capacity 101172K, committed 101496K, reserved 1136640K
  class space    used 12772K, capacity 13625K, committed 13696K, reserved 1048576K
}
Event: 31.521 GC heap before
{Heap before GC invocations=29 (full 0):
 garbage-first heap   total 212992K, used 171789K [0x00000006c7800000, 0x0000000800000000)
  region size 1024K, 68 young (69632K), 7 survivors (7168K)
 Metaspace       used 102033K, capacity 104551K, committed 104696K, reserved 1140736K
  class space    used 13117K, capacity 14014K, committed 14080K, reserved 1048576K
}
Event: 31.541 GC heap after
{Heap after GC invocations=30 (full 0):
 garbage-first heap   total 256000K, used 113100K [0x00000006c7800000, 0x0000000800000000)
  region size 1024K, 8 young (8192K), 8 survivors (8192K)
 Metaspace       used 102033K, capacity 104551K, committed 104696K, reserved 1140736K
  class space    used 13117K, capacity 14014K, committed 14080K, reserved 1048576K
}
Event: 33.800 GC heap before
{Heap before GC invocations=30 (full 0):
 garbage-first heap   total 256000K, used 187852K [0x00000006c7800000, 0x0000000800000000)
  region size 1024K, 82 young (83968K), 8 survivors (8192K)
 Metaspace       used 102910K, capacity 105577K, committed 105848K, reserved 1140736K
  class space    used 13204K, capacity 14151K, committed 14208K, reserved 1048576K
}
Event: 33.822 GC heap after
{Heap after GC invocations=31 (full 0):
 garbage-first heap   total 256000K, used 115453K [0x00000006c7800000, 0x0000000800000000)
  region size 1024K, 6 young (6144K), 6 survivors (6144K)
 Metaspace       used 102910K, capacity 105577K, committed 105848K, reserved 1140736K
  class space    used 13204K, capacity 14151K, committed 14208K, reserved 1048576K
}
Event: 39.996 GC heap before
{Heap before GC invocations=31 (full 0):
 garbage-first heap   total 256000K, used 202493K [0x00000006c7800000, 0x0000000800000000)
  region size 1024K, 92 young (94208K), 6 survivors (6144K)
 Metaspace       used 108394K, capacity 111161K, committed 111224K, reserved 1144832K
  class space    used 13910K, capacity 14958K, committed 14976K, reserved 1048576K
}
Event: 40.024 GC heap after
{Heap after GC invocations=32 (full 0):
 garbage-first heap   total 256000K, used 118866K [0x00000006c7800000, 0x0000000800000000)
  region size 1024K, 9 young (9216K), 9 survivors (9216K)
 Metaspace       used 108394K, capacity 111161K, committed 111224K, reserved 1144832K
  class space    used 13910K, capacity 14958K, committed 14976K, reserved 1048576K
}
Event: 58.924 GC heap before
{Heap before GC invocations=32 (full 0):
 garbage-first heap   total 256000K, used 206930K [0x00000006c7800000, 0x0000000800000000)
  region size 1024K, 96 young (98304K), 9 survivors (9216K)
 Metaspace       used 112983K, capacity 116220K, committed 116344K, reserved 1150976K
  class space    used 14453K, capacity 15675K, committed 15744K, reserved 1048576K
}
Event: 58.952 GC heap after
{Heap after GC invocations=33 (full 0):
 garbage-first heap   total 256000K, used 125660K [0x00000006c7800000, 0x0000000800000000)
  region size 1024K, 12 young (12288K), 12 survivors (12288K)
 Metaspace       used 112983K, capacity 116220K, committed 116344K, reserved 1150976K
  class space    used 14453K, capacity 15675K, committed 15744K, reserved 1048576K
}
Event: 60.294 GC heap before
{Heap before GC invocations=33 (full 0):
 garbage-first heap   total 256000K, used 175836K [0x00000006c7800000, 0x0000000800000000)
  region size 1024K, 62 young (63488K), 12 survivors (12288K)
 Metaspace       used 114088K, capacity 117297K, committed 117496K, reserved 1150976K
  class space    used 14555K, capacity 15753K, committed 15872K, reserved 1048576K
}
Event: 60.359 GC heap after
{Heap after GC invocations=34 (full 0):
 garbage-first heap   total 256000K, used 136786K [0x00000006c7800000, 0x0000000800000000)
  region size 1024K, 11 young (11264K), 11 survivors (11264K)
 Metaspace       used 114088K, capacity 117297K, committed 117496K, reserved 1150976K
  class space    used 14555K, capacity 15753K, committed 15872K, reserved 1048576K
}
Event: 61.676 GC heap before
{Heap before GC invocations=35 (full 0):
 garbage-first heap   total 256000K, used 186962K [0x00000006c7800000, 0x0000000800000000)
  region size 1024K, 60 young (61440K), 11 survivors (11264K)
 Metaspace       used 115184K, capacity 118346K, committed 118520K, reserved 1153024K
  class space    used 14636K, capacity 15805K, committed 15872K, reserved 1048576K
}
Event: 61.723 GC heap after
{Heap after GC invocations=36 (full 0):
 garbage-first heap   total 307200K, used 149504K [0x00000006c7800000, 0x0000000800000000)
  region size 1024K, 9 young (9216K), 9 survivors (9216K)
 Metaspace       used 115184K, capacity 118346K, committed 118520K, reserved 1153024K
  class space    used 14636K, capacity 15805K, committed 15872K, reserved 1048576K
}

