# JRE version: OpenJDK Runtime Environment (11.0.11+9) (build 11.0.11+9-b60-7590822)
# Java VM: OpenJDK 64-Bit Server VM (11.0.11+9-b60-7590822, mixed mode, tiered, compressed oops, g1 gc, windows-amd64)
Heap:
 garbage-first heap   total 182272K, used 133863K [0x00000006c7800000, 0x0000000800000000)
  region size 1024K, 17 young (17408K), 5 survivors (5120K)
 Metaspace       used 134666K, capacity 139685K, committed 139940K, reserved 1171456K
  class space    used 16985K, capacity 18756K, committed 18816K, reserved 1048576K
GC Heap History (20 events):
Event: 10567.345 GC heap before
{Heap before GC invocations=161 (full 0):
 garbage-first heap   total 182272K, used 99685K [0x00000006c7800000, 0x0000000800000000)
  region size 1024K, 21 young (21504K), 1 survivors (1024K)
 Metaspace       used 123304K, capacity 127201K, committed 127652K, reserved 1159168K
  class space    used 15388K, capacity 16855K, committed 17280K, reserved 1048576K
}
Event: 10567.405 GC heap after
{Heap after GC invocations=162 (full 0):
 garbage-first heap   total 182272K, used 81670K [0x00000006c7800000, 0x0000000800000000)
  region size 1024K, 1 young (1024K), 1 survivors (1024K)
 Metaspace       used 123304K, capacity 127201K, committed 127652K, reserved 1159168K
  class space    used 15388K, capacity 16855K, committed 17280K, reserved 1048576K
}
Event: 10570.020 GC heap before
{Heap before GC invocations=163 (full 0):
 garbage-first heap   total 182272K, used 154374K [0x00000006c7800000, 0x0000000800000000)
  region size 1024K, 64 young (65536K), 1 survivors (1024K)
 Metaspace       used 126790K, capacity 130993K, committed 131492K, reserved 1163264K
  class space    used 15974K, capacity 17525K, committed 17792K, reserved 1048576K
}
Event: 10570.057 GC heap after
{Heap after GC invocations=164 (full 0):
 garbage-first heap   total 182272K, used 97454K [0x00000006c7800000, 0x0000000800000000)
  region size 1024K, 8 young (8192K), 8 survivors (8192K)
 Metaspace       used 126790K, capacity 130993K, committed 131492K, reserved 1163264K
  class space    used 15974K, capacity 17525K, committed 17792K, reserved 1048576K
}
Event: 10570.073 GC heap before
{Heap before GC invocations=164 (full 0):
 garbage-first heap   total 182272K, used 98478K [0x00000006c7800000, 0x0000000800000000)
  region size 1024K, 9 young (9216K), 8 survivors (8192K)
 Metaspace       used 126790K, capacity 130993K, committed 131492K, reserved 1163264K
  class space    used 15974K, capacity 17525K, committed 17792K, reserved 1048576K
}
Event: 10570.127 GC heap after
{Heap after GC invocations=165 (full 0):
 garbage-first heap   total 182272K, used 97802K [0x00000006c7800000, 0x0000000800000000)
  region size 1024K, 1 young (1024K), 1 survivors (1024K)
 Metaspace       used 126790K, capacity 130993K, committed 131492K, reserved 1163264K
  class space    used 15974K, capacity 17525K, committed 17792K, reserved 1048576K
}
Event: 10570.811 GC heap before
{Heap before GC invocations=165 (full 0):
 garbage-first heap   total 182272K, used 151050K [0x00000006c7800000, 0x0000000800000000)
  region size 1024K, 53 young (54272K), 1 survivors (1024K)
 Metaspace       used 127424K, capacity 131643K, committed 132004K, reserved 1163264K
  class space    used 16050K, capacity 17614K, committed 17792K, reserved 1048576K
}
Event: 10570.824 GC heap after
{Heap after GC invocations=166 (full 0):
 garbage-first heap   total 182272K, used 98785K [0x00000006c7800000, 0x0000000800000000)
  region size 1024K, 2 young (2048K), 2 survivors (2048K)
 Metaspace       used 127424K, capacity 131643K, committed 132004K, reserved 1163264K
  class space    used 16050K, capacity 17614K, committed 17792K, reserved 1048576K
}
Event: 10572.241 GC heap before
{Heap before GC invocations=167 (full 0):
 garbage-first heap   total 182272K, used 156129K [0x00000006c7800000, 0x0000000800000000)
  region size 1024K, 55 young (56320K), 2 survivors (2048K)
 Metaspace       used 129210K, capacity 133483K, committed 133668K, reserved 1165312K
  class space    used 16235K, capacity 17816K, committed 17920K, reserved 1048576K
}
Event: 10572.258 GC heap after
{Heap after GC invocations=168 (full 0):
 garbage-first heap   total 182272K, used 104751K [0x00000006c7800000, 0x0000000800000000)
  region size 1024K, 5 young (5120K), 5 survivors (5120K)
 Metaspace       used 129210K, capacity 133483K, committed 133668K, reserved 1165312K
  class space    used 16235K, capacity 17816K, committed 17920K, reserved 1048576K
}
Event: 10572.303 GC heap before
{Heap before GC invocations=168 (full 0):
 garbage-first heap   total 182272K, used 107823K [0x00000006c7800000, 0x0000000800000000)
  region size 1024K, 8 young (8192K), 5 survivors (5120K)
 Metaspace       used 129257K, capacity 133553K, committed 133668K, reserved 1165312K
  class space    used 16236K, capacity 17817K, committed 17920K, reserved 1048576K
}
Event: 10572.370 GC heap after
{Heap after GC invocations=169 (full 0):
 garbage-first heap   total 182272K, used 98762K [0x00000006c7800000, 0x0000000800000000)
  region size 1024K, 1 young (1024K), 1 survivors (1024K)
 Metaspace       used 129257K, capacity 133553K, committed 133668K, reserved 1165312K
  class space    used 16236K, capacity 17817K, committed 17920K, reserved 1048576K
}
Event: 10572.952 GC heap before
{Heap before GC invocations=169 (full 0):
 garbage-first heap   total 182272K, used 120266K [0x00000006c7800000, 0x0000000800000000)
  region size 1024K, 23 young (23552K), 1 survivors (1024K)
 Metaspace       used 130403K, capacity 134942K, committed 135204K, reserved 1167360K
  class space    used 16385K, capacity 18052K, committed 18176K, reserved 1048576K
}
Event: 10572.966 GC heap after
{Heap after GC invocations=170 (full 0):
 garbage-first heap   total 182272K, used 100507K [0x00000006c7800000, 0x0000000800000000)
  region size 1024K, 3 young (3072K), 3 survivors (3072K)
 Metaspace       used 130403K, capacity 134942K, committed 135204K, reserved 1167360K
  class space    used 16385K, capacity 18052K, committed 18176K, reserved 1048576K
}
Event: 10574.430 GC heap before
{Heap before GC invocations=171 (full 0):
 garbage-first heap   total 182272K, used 156827K [0x00000006c7800000, 0x0000000800000000)
  region size 1024K, 50 young (51200K), 3 survivors (3072K)
 Metaspace       used 132293K, capacity 137157K, committed 137252K, reserved 1169408K
  class space    used 16669K, capacity 18427K, committed 18432K, reserved 1048576K
}
Event: 10574.464 GC heap after
{Heap after GC invocations=172 (full 0):
 garbage-first heap   total 182272K, used 114688K [0x00000006c7800000, 0x0000000800000000)
  region size 1024K, 7 young (7168K), 7 survivors (7168K)
 Metaspace       used 132293K, capacity 137157K, committed 137252K, reserved 1169408K
  class space    used 16669K, capacity 18427K, committed 18432K, reserved 1048576K
}
Event: 10574.498 GC heap before
{Heap before GC invocations=172 (full 0):
 garbage-first heap   total 182272K, used 118784K [0x00000006c7800000, 0x0000000800000000)
  region size 1024K, 8 young (8192K), 7 survivors (7168K)
 Metaspace       used 132294K, capacity 137157K, committed 137252K, reserved 1169408K
  class space    used 16669K, capacity 18427K, committed 18432K, reserved 1048576K
}
Event: 10574.569 GC heap after
{Heap after GC invocations=173 (full 0):
 garbage-first heap   total 182272K, used 119443K [0x00000006c7800000, 0x0000000800000000)
  region size 1024K, 1 young (1024K), 1 survivors (1024K)
 Metaspace       used 132294K, capacity 137157K, committed 137252K, reserved 1169408K
  class space    used 16669K, capacity 18427K, committed 18432K, reserved 1048576K
}
Event: 10575.595 GC heap before
{Heap before GC invocations=173 (full 0):
 garbage-first heap   total 182272K, used 154259K [0x00000006c7800000, 0x0000000800000000)
  region size 1024K, 35 young (35840K), 1 survivors (1024K)
 Metaspace       used 133260K, capacity 138306K, committed 138532K, reserved 1169408K
  class space    used 16815K, capacity 18578K, committed 18688K, reserved 1048576K
}
Event: 10575.640 GC heap after
{Heap after GC invocations=174 (full 0):
 garbage-first heap   total 182272K, used 122599K [0x00000006c7800000, 0x0000000800000000)
  region size 1024K, 5 young (5120K), 5 survivors (5120K)
 Metaspace       used 133260K, capacity 138306K, committed 138532K, reserved 1169408K
  class space    used 16815K, capacity 18578K, committed 18688K, reserved 1048576K
}

