# JRE version: OpenJDK Runtime Environment (11.0.11+9) (build 11.0.11+9-b60-7590822)
# Java VM: OpenJDK 64-Bit Server VM (11.0.11+9-b60-7590822, mixed mode, tiered, compressed oops, g1 gc, windows-amd64)
Heap:
 garbage-first heap   total 411648K, used 156204K [0x00000006c7800000, 0x0000000800000000)
  region size 1024K, 6 young (6144K), 6 survivors (6144K)
 Metaspace       used 108745K, capacity 111502K, committed 111952K, reserved 1146880K
  class space    used 13948K, capacity 15035K, committed 15232K, reserved 1048576K
GC Heap History (20 events):
Event: 29.852 GC heap after
{Heap after GC invocations=38 (full 0):
 garbage-first heap   total 212992K, used 92369K [0x00000006c7800000, 0x0000000800000000)
  region size 1024K, 10 young (10240K), 10 survivors (10240K)
 Metaspace       used 96937K, capacity 99175K, committed 99280K, reserved 1136640K
  class space    used 12201K, capacity 13032K, committed 13056K, reserved 1048576K
}
Event: 30.244 GC heap before
{Heap before GC invocations=38 (full 0):
 garbage-first heap   total 212992K, used 166097K [0x00000006c7800000, 0x0000000800000000)
  region size 1024K, 81 young (82944K), 10 survivors (10240K)
 Metaspace       used 99184K, capacity 101510K, committed 101712K, reserved 1138688K
  class space    used 12535K, capacity 13428K, committed 13440K, reserved 1048576K
}
Event: 30.257 GC heap after
{Heap after GC invocations=39 (full 0):
 garbage-first heap   total 212992K, used 104386K [0x00000006c7800000, 0x0000000800000000)
  region size 1024K, 11 young (11264K), 11 survivors (11264K)
 Metaspace       used 99184K, capacity 101510K, committed 101712K, reserved 1138688K
  class space    used 12535K, capacity 13428K, committed 13440K, reserved 1048576K
}
Event: 30.558 GC heap before
{Heap before GC invocations=39 (full 0):
 garbage-first heap   total 212992K, used 165826K [0x00000006c7800000, 0x0000000800000000)
  region size 1024K, 72 young (73728K), 11 survivors (11264K)
 Metaspace       used 101885K, capacity 104409K, committed 104528K, reserved 1140736K
  class space    used 12919K, capacity 13868K, committed 13952K, reserved 1048576K
}
Event: 30.577 GC heap after
{Heap after GC invocations=40 (full 0):
 garbage-first heap   total 256000K, used 113314K [0x00000006c7800000, 0x0000000800000000)
  region size 1024K, 9 young (9216K), 9 survivors (9216K)
 Metaspace       used 101885K, capacity 104409K, committed 104528K, reserved 1140736K
  class space    used 12919K, capacity 13868K, committed 13952K, reserved 1048576K
}
Event: 30.883 GC heap before
{Heap before GC invocations=40 (full 0):
 garbage-first heap   total 256000K, used 189090K [0x00000006c7800000, 0x0000000800000000)
  region size 1024K, 83 young (84992K), 9 survivors (9216K)
 Metaspace       used 103607K, capacity 106231K, committed 106320K, reserved 1140736K
  class space    used 13176K, capacity 14202K, committed 14208K, reserved 1048576K
}
Event: 30.907 GC heap after
{Heap after GC invocations=41 (full 0):
 garbage-first heap   total 256000K, used 126608K [0x00000006c7800000, 0x0000000800000000)
  region size 1024K, 11 young (11264K), 11 survivors (11264K)
 Metaspace       used 103607K, capacity 106231K, committed 106320K, reserved 1140736K
  class space    used 13176K, capacity 14202K, committed 14208K, reserved 1048576K
}
Event: 31.045 GC heap before
{Heap before GC invocations=41 (full 0):
 garbage-first heap   total 256000K, used 196240K [0x00000006c7800000, 0x0000000800000000)
  region size 1024K, 79 young (80896K), 11 survivors (11264K)
 Metaspace       used 104832K, capacity 107500K, committed 107600K, reserved 1142784K
  class space    used 13384K, capacity 14431K, committed 14464K, reserved 1048576K
}
Event: 31.076 GC heap after
{Heap after GC invocations=42 (full 0):
 garbage-first heap   total 256000K, used 139514K [0x00000006c7800000, 0x0000000800000000)
  region size 1024K, 10 young (10240K), 10 survivors (10240K)
 Metaspace       used 104832K, capacity 107500K, committed 107600K, reserved 1142784K
  class space    used 13384K, capacity 14431K, committed 14464K, reserved 1048576K
}
Event: 31.322 GC heap before
{Heap before GC invocations=42 (full 0):
 garbage-first heap   total 256000K, used 199930K [0x00000006c7800000, 0x0000000800000000)
  region size 1024K, 71 young (72704K), 10 survivors (10240K)
 Metaspace       used 106148K, capacity 108807K, committed 109520K, reserved 1144832K
  class space    used 13575K, capacity 14622K, committed 14848K, reserved 1048576K
}
Event: 31.345 GC heap after
{Heap after GC invocations=43 (full 0):
 garbage-first heap   total 256000K, used 149504K [0x00000006c7800000, 0x0000000800000000)
  region size 1024K, 9 young (9216K), 9 survivors (9216K)
 Metaspace       used 106148K, capacity 108807K, committed 109520K, reserved 1144832K
  class space    used 13575K, capacity 14622K, committed 14848K, reserved 1048576K
}
Event: 31.618 GC heap before
{Heap before GC invocations=44 (full 0):
 garbage-first heap   total 256000K, used 204800K [0x00000006c7800000, 0x0000000800000000)
  region size 1024K, 64 young (65536K), 9 survivors (9216K)
 Metaspace       used 107434K, capacity 110145K, committed 110800K, reserved 1144832K
  class space    used 13792K, capacity 14870K, committed 15104K, reserved 1048576K
}
Event: 31.642 GC heap after
{Heap after GC invocations=45 (full 0):
 garbage-first heap   total 343040K, used 155897K [0x00000006c7800000, 0x0000000800000000)
  region size 1024K, 6 young (6144K), 6 survivors (6144K)
 Metaspace       used 107434K, capacity 110145K, committed 110800K, reserved 1144832K
  class space    used 13792K, capacity 14870K, committed 15104K, reserved 1048576K
}
Event: 31.685 GC heap before
{Heap before GC invocations=45 (full 0):
 garbage-first heap   total 343040K, used 166137K [0x00000006c7800000, 0x0000000800000000)
  region size 1024K, 16 young (16384K), 6 survivors (6144K)
 Metaspace       used 107545K, capacity 110280K, committed 110800K, reserved 1144832K
  class space    used 13813K, capacity 14872K, committed 15104K, reserved 1048576K
}
Event: 31.698 GC heap after
{Heap after GC invocations=46 (full 0):
 garbage-first heap   total 343040K, used 151702K [0x00000006c7800000, 0x0000000800000000)
  region size 1024K, 2 young (2048K), 2 survivors (2048K)
 Metaspace       used 107545K, capacity 110280K, committed 110800K, reserved 1144832K
  class space    used 13813K, capacity 14872K, committed 15104K, reserved 1048576K
}
Event: 32.120 GC heap before
{Heap before GC invocations=46 (full 0):
 garbage-first heap   total 343040K, used 239766K [0x00000006c7800000, 0x0000000800000000)
  region size 1024K, 88 young (90112K), 2 survivors (2048K)
 Metaspace       used 108443K, capacity 111133K, committed 111568K, reserved 1146880K
  class space    used 13911K, capacity 14976K, committed 15104K, reserved 1048576K
}
Event: 32.130 GC heap after
{Heap after GC invocations=47 (full 0):
 garbage-first heap   total 343040K, used 154812K [0x00000006c7800000, 0x0000000800000000)
  region size 1024K, 5 young (5120K), 5 survivors (5120K)
 Metaspace       used 108443K, capacity 111133K, committed 111568K, reserved 1146880K
  class space    used 13911K, capacity 14976K, committed 15104K, reserved 1048576K
}
Event: 32.605 GC heap before
{Heap before GC invocations=47 (full 0):
 garbage-first heap   total 343040K, used 259260K [0x00000006c7800000, 0x0000000800000000)
  region size 1024K, 107 young (109568K), 5 survivors (5120K)
 Metaspace       used 108611K, capacity 111291K, committed 111568K, reserved 1146880K
  class space    used 13928K, capacity 14985K, committed 15104K, reserved 1048576K
}
Event: 32.611 GC heap after
{Heap after GC invocations=48 (full 0):
 garbage-first heap   total 343040K, used 155996K [0x00000006c7800000, 0x0000000800000000)
  region size 1024K, 6 young (6144K), 6 survivors (6144K)
 Metaspace       used 108611K, capacity 111291K, committed 111568K, reserved 1146880K
  class space    used 13928K, capacity 14985K, committed 15104K, reserved 1048576K
}
Event: 33.021 GC heap before
{Heap before GC invocations=48 (full 0):
 garbage-first heap   total 343040K, used 268636K [0x00000006c7800000, 0x0000000800000000)
  region size 1024K, 116 young (118784K), 6 survivors (6144K)
 Metaspace       used 108745K, capacity 111502K, committed 111952K, reserved 1146880K
  class space    used 13948K, capacity 15035K, committed 15232K, reserved 1048576K
}

